<?xml version="1.0" encoding="UTF-8"?>
<!-- Generated by org.testng.reporters.JUnitReportReporter -->
<testsuite hostname="DESKTOP-35BV5SB" failures="0" tests="4" name="MTG.MVTG.practice" time="50.326" errors="0" timestamp="2024-08-06T18:44:05 IST" skipped="0">
  <testcase classname="MTG.MVTG.practice" name="Testcase3" time="18.533"/>
  <system-out/>
  <testcase classname="MTG.MVTG.practice" name="Testcase1" time="16.405"/>
  <system-out/>
  <testcase classname="MTG.MVTG.practice" name="Testcase2" time="6.605"/>
  <system-out/>
  <testcase classname="MTG.MVTG.practice" name="Testcase4" time="8.783"/>
  <system-out/>
</testsuite> <!-- MTG.MVTG.practice -->
