<?xml version="1.0" encoding="UTF-8"?>
<!-- Generated by org.testng.reporters.JUnitReportReporter -->
<testsuite hostname="DESKTOP-35BV5SB" failures="0" tests="1" name="MTG.MVTG.NewTest" time="0.009" errors="0" timestamp="2024-08-01T16:11:01 IST" skipped="0">
  <testcase classname="MTG.MVTG.NewTest" name="f" time="0.009"/>
  <system-out/>
</testsuite> <!-- MTG.MVTG.NewTest -->
