<?xml version="1.0" encoding="UTF-8"?>
<!-- Generated by org.testng.reporters.JUnitReportReporter -->
<testsuite hostname="DESKTOP-35BV5SB" failures="0" tests="1" name="MTG.MVTG.Testcase1" time="7.336" errors="0" timestamp="2024-08-02T17:10:27 IST" skipped="0">
  <testcase classname="MTG.MVTG.Testcase1" name="test1" time="7.336"/>
  <system-out/>
</testsuite> <!-- MTG.MVTG.Testcase1 -->
